build/app/outputs/mapping/release/seeds.txt
com.cwsorg.app.MainActivity: MainActivity()
com.cwsorg.app.MainActivity
...
io.flutter.embedding.engine.systemchannels.PlatformChannel$HapticFeedbackType: io.flutter.embedding.engine.systemchannels.PlatformChannel$HapticFeedbackType valueOf(java.lang.String)
com.google.android.gms.internal.firebase-auth-api.zzho: com.google.android.gms.internal.firebase-auth-api.zzyu zze
io.flutter.view.AccessibilityViewEmbedder: android.view.accessibility.AccessibilityNodeInfo createAccessibilityNodeInfo(int)
com.google.firebase.auth.TwitterAuthCredential: android.os.Parcelable$Creator CREATOR
io.flutter.embedding.engine.FlutterJNI: java.util.Set flutterUiDisplayListeners
com.google.firebase.auth.FirebaseAuthRegistrar: java.util.List getComponents()
com.google.protobuf.AbstractMessageLite: int memoizedHashCode
io.flutter.view.FlutterCallbackInformation: FlutterCallbackInformation(java.lang.String,java.lang.String,java.lang.String)
com.google.android.gms.internal.firebase-auth-api.zzjt: com.google.android.gms.internal.firebase-auth-api.zzjt zzb
io.grpc.SecurityLevel: io.grpc.SecurityLevel[] values()
com.google.android.gms.internal.firebase-auth-api.zzez: com.google.android.gms.internal.firebase-auth-api.zzff zze
com.google.type.LatLng: int LATITUDE_FIELD_NUMBER
com.google.android.gms.internal.firebase-auth-api.zzmq: android.os.Parcelable$Creator CREATOR
androidx.lifecycle.ReportFragment$LifecycleCallbacks: void onActivityPreDestroyed(android.app.Activity)
io.flutter.embedding.engine.FlutterJNI: void nativeSurfaceChanged(long,int,int)
com.google.android.gms.signin.internal.zab: android.os.Parcelable$Creator CREATOR
com.google.protobuf.GeneratedMessageLite: int memoizedSerializedSize
com.google.firestore.v1.Precondition: java.lang.Object conditionType_
com.google.common.util.concurrent.AbstractFuture: com.google.common.util.concurrent.AbstractFuture$Waiter waiters
io.flutter.plugin.editing.ImeSyncDeferringInsetsCallback: android.view.WindowInsets lastWindowInsets
io.flutter.embedding.engine.FlutterJNI: void requestDartDeferredLibrary(int)
com.google.android.gms.internal.firebase-auth-api.zzhd: com.google.android.gms.internal.firebase-auth-api.zzyu zzg
com.google.android.gms.internal.firebase-auth-api.zzgu: com.google.android.gms.internal.firebase-auth-api.zzij zze
com.google.firestore.v1.StructuredQuery$CompositeFilter: com.google.protobuf.Internal$ProtobufList filters_
com.google.firebase.firestore.proto.Target: int TARGET_ID_FIELD_NUMBER
com.google.android.gms.internal.firebase-auth-api.zzew: int zze
com.google.android.gms.internal.firebase-auth-api.zzfx: int zze
com.google.android.gms.internal.firebase-auth-api.zzgx: com.google.android.gms.internal.firebase-auth-api.zzha zze
com.google.firebase.firestore.proto.Target$TargetTypeCase: com.google.firebase.firestore.proto.Target$TargetTypeCase[] values()
io.flutter.embedding.engine.FlutterJNI: void setLocalizationPlugin(io.flutter.plugin.localization.LocalizationPlugin)
com.google.firestore.v1.TransactionOptions$ReadOnly: com.google.protobuf.Parser PARSER
io.flutter.embedding.engine.FlutterJNI: void onSurfaceDestroyed()
com.google.android.gms.internal.firebase-auth-api.zziv: com.google.android.gms.internal.firebase-auth-api.zziv zzb
com.google.firebase.firestore.proto.Target: int DOCUMENTS_FIELD_NUMBER
io.flutter.plugin.editing.TextInputPlugin$InputTarget$Type: io.flutter.plugin.editing.TextInputPlugin$InputTarget$Type valueOf(java.lang.String)
com.google.android.gms.internal.firebase-auth-api.zzfl: int zze
com.google.firebase.firestore.core.DocumentViewChange$Type: com.google.firebase.firestore.core.DocumentViewChange$Type valueOf(java.lang.String)
androidx.lifecycle.Lifecycle$Event: androidx.lifecycle.Lifecycle$Event ON_START
com.google.android.gms.internal.firebase-auth-api.zzgr: com.google.android.gms.internal.firebase-auth-api.zzgr[] values()
com.google.firestore.v1.CommitRequest: com.google.protobuf.Internal$ProtobufList writes_
com.google.firestore.v1.Target: int resumeTypeCase_