build/app/outputs/mapping/release/mapping.txt
# compiler: R8
# compiler_version: 2.1.62
# min_api: 21
# pg_map_id: d383d9e
# common_typos_disable
...
com.google.firebase.firestore.local.-$$Lambda$SQLiteSchema$HvO_3SSIQnUAO6Ah3PRTdOgjCTk -> com.google.firebase.firestore.z0.y0:
    com.google.firebase.firestore.local.MemoryIndexManager$MemoryCollectionParentIndex f$0 -> a
    android.database.sqlite.SQLiteStatement f$1 -> b
    void accept(java.lang.Object) -> a
com.google.firebase.firestore.local.-$$Lambda$SQLiteSchema$OouQBqugljngc_uStuLpEww9nYk -> com.google.firebase.firestore.z0.z0:
    com.google.firebase.firestore.local.SQLiteSchema f$0 -> c
com.google.firebase.firestore.local.-$$Lambda$SQLiteSchema$WWqrRScmnizkvqzmCPAGYckvKvo -> com.google.firebase.firestore.z0.a1:
    com.google.firebase.firestore.util.Consumer f$0 -> a
    void accept(java.lang.Object) -> a
com.google.firebase.firestore.local.-$$Lambda$SQLiteSchema$YU0Xy1UBufJzMEGcAzUcdtKHXTk -> com.google.firebase.firestore.z0.b1:
    com.google.firebase.firestore.local.SQLiteSchema f$0 -> a
    void accept(java.lang.Object) -> a
com.google.firebase.firestore.local.-$$Lambda$SQLiteSchema$aWrl1KIT7C9rKC9JjhjwsNmFyv0 -> com.google.firebase.firestore.z0.c1:
    com.google.firebase.firestore.local.SQLiteSchema f$0 -> c
com.google.firebase.firestore.local.-$$Lambda$SQLiteSchema$iMXlo4vx1cst9BXcyhSpl0Q6ly0 -> com.google.firebase.firestore.z0.d1:
    com.google.firebase.firestore.local.SQLiteSchema f$0 -> a
    void accept(java.lang.Object) -> a
com.google.firebase.firestore.local.-$$Lambda$SQLiteSchema$kJ6808ZxpEhfSWzQ9pmNojVRZOM -> com.google.firebase.firestore.z0.e1:
    com.google.firebase.firestore.local.SQLiteSchema f$0 -> c
com.google.firebase.firestore.local.-$$Lambda$SQLiteSchema$lVs1ECAx6TTCOcvof0V4SHyFULo -> com.google.firebase.firestore.z0.f1:
    com.google.firebase.firestore.local.SQLiteSchema f$0 -> a
    void accept(java.lang.Object) -> a
com.google.firebase.firestore.local.-$$Lambda$SQLiteSchema$xTIiCPiZzG_4TiPS-wjTI5nyvW4 -> com.google.firebase.firestore.z0.g1:
    com.google.firebase.firestore.local.SQLiteSchema f$0 -> c
com.google.firebase.firestore.local.-$$Lambda$SQLiteSchema$y6A6ihrPPzHtKicSE0XIQILjrNg -> com.google.firebase.firestore.z0.h1:
    boolean[] f$0 -> a
    long f$2 -> c
    android.database.sqlite.SQLiteStatement f$1 -> b
    void accept(java.lang.Object) -> a
com.google.firebase.firestore.local.-$$Lambda$SQLiteSchema$yJqgwveQjdXe9-wNklkKnEz3ck8 -> com.google.firebase.firestore.z0.i1:
    com.google.firebase.firestore.local.SQLiteSchema f$0 -> a
    java.lang.String f$1 -> b
    void accept(java.lang.Object) -> a
com.google.firebase.firestore.local.-$$Lambda$SQLiteSchema$yclC-L0h-FTQqzYHaUJ1AlDy0RM -> com.google.firebase.firestore.z0.j1:
    com.google.firebase.firestore.util.Consumer f$0 -> a
    void accept(java.lang.Object) -> a
com.google.firebase.firestore.local.-$$Lambda$SQLiteSchema$zczYBufD4iTR7cKiRiqqraLy3x8 -> com.google.firebase.firestore.z0.k1:
    com.google.firebase.firestore.local.SQLiteSchema f$0 -> c
com.google.firebase.firestore.local.-$$Lambda$SQLiteTargetCache$-ZfGzeYfQgZnBHFZCnSUlkdAHIA -> com.google.firebase.firestore.z0.l1:
    com.google.firebase.firestore.local.SQLiteTargetCache$DocumentKeysHolder f$0 -> a
    void accept(java.lang.Object) -> a
com.google.firebase.firestore.local.-$$Lambda$SQLiteTargetCache$BfQyrYem3i8SmjNDJjlW0-2_IRU -> com.google.firebase.firestore.z0.m1:
    com.google.firebase.firestore.local.SQLiteTargetCache f$0 -> a
    com.google.firebase.firestore.local.SQLiteTargetCache$TargetDataHolder f$2 -> c
    com.google.firebase.firestore.core.Target f$1 -> b
    void accept(java.lang.Object) -> a
com.google.firebase.firestore.local.-$$Lambda$SQLiteTargetCache$H8yJAv7fDfC0tBbpX5OjiOStwMw -> com.google.firebase.firestore.z0.n1:
    com.google.firebase.firestore.local.SQLiteTargetCache f$0 -> a
    com.google.firebase.firestore.util.Consumer f$1 -> b
    void accept(java.lang.Object) -> a