build/app/outputs/mapping/release/usage.txt
com.cwsorg.app.R$id
com.cwsorg.app.R$dimen
com.cwsorg.app.R$mipmap
com.cwsorg.app.R$drawable
com.cwsorg.app.BuildConfig
com.cwsorg.app.R$style
com.cwsorg.app.R$styleable
com.cwsorg.app.R$attr
com.cwsorg.app.R$color
com.cwsorg.app.R$integer
com.cwsorg.app.R
com.cwsorg.app.R$xml
com.cwsorg.app.R$layout
com.cwsorg.app.R$string
...
com.google.common.cache.CacheBuilderSpec$MaximumWeightParser
com.google.firebase.firestore.proto.Target:
    private void clearTargetType()
    private void clearTargetId()
    private void mergeSnapshotVersion(com.google.protobuf.Timestamp)
    private void clearSnapshotVersion()
    private void clearResumeToken()
    private void clearLastListenSequenceNumber()
    private void mergeQuery(com.google.firestore.v1.Target$QueryTarget)
    private void clearQuery()
    private void mergeDocuments(com.google.firestore.v1.Target$DocumentsTarget)
    private void clearDocuments()
    private void mergeLastLimboFreeSnapshotVersion(com.google.protobuf.Timestamp)
    public static com.google.firebase.firestore.proto.Target parseFrom(java.nio.ByteBuffer)
    public static com.google.firebase.firestore.proto.Target parseFrom(java.nio.ByteBuffer,com.google.protobuf.ExtensionRegistryLite)
    public static com.google.firebase.firestore.proto.Target parseFrom(com.google.protobuf.ByteString)
    public static com.google.firebase.firestore.proto.Target parseFrom(com.google.protobuf.ByteString,com.google.protobuf.ExtensionRegistryLite)
    public static com.google.firebase.firestore.proto.Target parseFrom(byte[],com.google.protobuf.ExtensionRegistryLite)
    public static com.google.firebase.firestore.proto.Target parseFrom(java.io.InputStream)
    public static com.google.firebase.firestore.proto.Target parseFrom(java.io.InputStream,com.google.protobuf.ExtensionRegistryLite)
com.google.common.collect.Tables$AbstractCell
kotlin.io.LinesSequence
kotlin.text.CharsKt__CharKt
com.squareup.okhttp.internal.http.Http1xStream$1
io.flutter.plugins.imagepicker.R$color
com.google.protobuf.DescriptorProtos$FileDescriptorProto
com.google.firebase.auth.GithubAuthProvider:
    private void <init>()
    public static final java.lang.String PROVIDER_ID
    public static final java.lang.String GITHUB_SIGN_IN_METHOD
com.google.firestore.v1.WriteRequest$LabelsDefaultEntryHolder:
    private void <init>()
com.google.common.primitives.UnsignedLongs$LexicographicalComparator
com.google.android.gms.auth.zza
com.google.common.io.CharSource
com.google.android.gms.auth.AccountChangeEventsResponse
com.google.firebase.firestore.local.QueryEngine:
    public abstract void handleDocumentChange(com.google.firebase.firestore.model.MutableDocument,com.google.firebase.firestore.model.MutableDocument)
com.google.common.collect.Tables$1
com.google.android.gms.common.GoogleApiAvailabilityLight:
    public int getClientVersion(android.content.Context)
    public int getApkVersion(android.content.Context)
    public boolean isPlayStorePossiblyUpdating(android.content.Context,int)
    public static final java.lang.String GOOGLE_PLAY_SERVICES_PACKAGE
    public static final java.lang.String GOOGLE_PLAY_STORE_PACKAGE
    static final java.lang.String TRACKING_SOURCE_DIALOG
    static final java.lang.String TRACKING_SOURCE_NOTIFICATION
kotlin.sequences.SequencesKt___SequencesKt$minus$2
okio.DeflaterSink
io.grpc.MethodDescriptor$PrototypeMarshaller
io.grpc.PersistentHashArrayMappedTrie$CompressedIndex
com.google.common.util.concurrent.ExecutionSequencer$3
kotlin.ULongArrayKt
kotlin.coroutines.CoroutineContext$Element$DefaultImpls
io.grpc.stub.ClientCallStreamObserver
androidx.core.view.ViewPropertyAnimatorCompat$1